\BOOKMARK [1][-]{ABSTRACT.1}{ABSTRACT}{}% 1
\BOOKMARK [1][-]{ACKNOWLEDGMENTS.1}{ACKNOWLEDGMENTS}{}% 2
\BOOKMARK [0][-]{toc.0}{TABLE OF CONTENTS}{}% 3
\BOOKMARK [0][-]{section*.3}{LIST OF FIGURES}{}% 4
\BOOKMARK [0][-]{section*.4}{LIST OF TABLES}{}% 5
\BOOKMARK [0][-]{section*.5}{CHAPTER 1: INTRODUCTION}{}% 6
\BOOKMARK [0][-]{section*.6}{CHAPTER 2: REAL TIME FAST PHASOR ESTIMATION}{}% 7
\BOOKMARK [1][-]{section.2.1}{2.1 Modeling Phasor Estimation as a Linear Filtering Problem}{section*.6}% 8
\BOOKMARK [2][-]{subsection.2.1.1}{2.1.1 Phasor estimation model with fundamental and harmonics}{section.2.1}% 9
\BOOKMARK [2][-]{subsection.2.1.2}{2.1.2 Phasor estimation model with decaying DC component}{section.2.1}% 10
\BOOKMARK [1][-]{section.2.2}{2.2 B-LMS with Conjugate Gradient Based Search Direction}{section*.6}% 11
\BOOKMARK [2][-]{subsection.2.2.1}{2.2.1 B-LMS algorithm}{section.2.2}% 12
\BOOKMARK [2][-]{subsection.2.2.2}{2.2.2 Conjugate Gradient Method}{section.2.2}% 13
\BOOKMARK [1][-]{section.2.3}{2.3 Proposed B-LMS with Conjugate Direction Search based Adaptive System}{section*.6}% 14
\BOOKMARK [2][-]{subsection.2.3.1}{2.3.1 The Algorithm}{section.2.3}% 15
\BOOKMARK [2][-]{subsection.2.3.2}{2.3.2 Analysis of Convergence Characteristics}{section.2.3}% 16
\BOOKMARK [1][-]{section.2.4}{2.4 Performance Evaluation}{section*.6}% 17
\BOOKMARK [2][-]{subsection.2.4.1}{2.4.1 Static Test}{section.2.4}% 18
\BOOKMARK [2][-]{subsection.2.4.2}{2.4.2 Noise Test}{section.2.4}% 19
\BOOKMARK [2][-]{subsection.2.4.3}{2.4.3 Dynamic Step and Ramp Change Test}{section.2.4}% 20
\BOOKMARK [2][-]{subsection.2.4.4}{2.4.4 Transient Test}{section.2.4}% 21
\BOOKMARK [1][-]{section.2.5}{2.5 Conclusions}{section*.6}% 22
\BOOKMARK [0][-]{section*.17}{CHAPTER 3: FREQUENCY ESTIMATION FROM NONUNIFORM SAMPLES}{}% 23
\BOOKMARK [1][-]{section.3.1}{3.1 Introduction}{section*.17}% 24
\BOOKMARK [1][-]{section.3.2}{3.2 Single frequency estimation}{section*.17}% 25
\BOOKMARK [2][-]{subsection.3.2.1}{3.2.1 The proposed method}{section.3.2}% 26
\BOOKMARK [2][-]{subsection.3.2.2}{3.2.2 Local Stability Analysis and Convergence}{section.3.2}% 27
\BOOKMARK [2][-]{subsection.3.2.3}{3.2.3 Approximation error}{section.3.2}% 28
\BOOKMARK [2][-]{subsection.3.2.4}{3.2.4 Statistical Characterization}{section.3.2}% 29
\BOOKMARK [2][-]{subsection.3.2.5}{3.2.5 Extension}{section.3.2}% 30
\BOOKMARK [1][-]{section.3.3}{3.3 Multiple Frequency Estimation}{section*.17}% 31
\BOOKMARK [2][-]{subsection.3.3.1}{3.3.1 Inputs with two well-separated frequencies}{section.3.3}% 32
\BOOKMARK [2][-]{subsection.3.3.2}{3.3.2 Input with two very close frequencies, a pathological case}{section.3.3}% 33
\BOOKMARK [2][-]{subsection.3.3.3}{3.3.3 Input with multiple harmonic frequencies}{section.3.3}% 34
\BOOKMARK [2][-]{subsection.3.3.4}{3.3.4 Input with multiple frequencies}{section.3.3}% 35
\BOOKMARK [1][-]{section.3.4}{3.4 Conclusions}{section*.17}% 36
\BOOKMARK [0][-]{section*.40}{CHAPTER 4: NONUNIFORM POLAR AND SPHERICAL DISCRETE FOURIER TRANSFORM}{}% 37
\BOOKMARK [1][-]{section.4.1}{4.1 Introduction}{section*.40}% 38
\BOOKMARK [1][-]{section.4.2}{4.2 The Proposed Method- 2D}{section*.40}% 39
\BOOKMARK [2][-]{subsection.4.2.1}{4.2.1 Preliminaries: 1D Fractional Fourier Transform}{section.4.2}% 40
\BOOKMARK [2][-]{subsection.4.2.2}{4.2.2 The Algorithm}{section.4.2}% 41
\BOOKMARK [3][-]{subsubsection.4.2.2.1}{4.2.2.1 Exploiting Symmetry}{subsection.4.2.2}% 42
\BOOKMARK [3][-]{subsubsection.4.2.2.2}{4.2.2.2 Computational Complexity}{subsection.4.2.2}% 43
\BOOKMARK [2][-]{subsection.4.2.3}{4.2.3 Implementation Details}{section.4.2}% 44
\BOOKMARK [2][-]{subsection.4.2.4}{4.2.4 Accuracy of the Proposed Fast PFT}{section.4.2}% 45
\BOOKMARK [2][-]{subsection.4.2.5}{4.2.5 Comparison}{section.4.2}% 46
\BOOKMARK [1][-]{section.4.3}{4.3 Digital Inverse Problematics}{section*.40}% 47
\BOOKMARK [2][-]{subsection.4.3.1}{4.3.1 Analysis}{section.4.3}% 48
\BOOKMARK [2][-]{subsection.4.3.2}{4.3.2 Ill-Conditioning}{section.4.3}% 49
\BOOKMARK [2][-]{subsection.4.3.3}{4.3.3 Fast Iterative Inversion}{section.4.3}% 50
\BOOKMARK [2][-]{subsection.4.3.4}{4.3.4 Faster Inversion by Structured Matrix Computations}{section.4.3}% 51
\BOOKMARK [1][-]{section.4.4}{4.4 The Proposed Method- 3D}{section*.40}% 52
\BOOKMARK [1][-]{section.4.5}{4.5 Contributions and Conclusions}{section*.40}% 53
\BOOKMARK [0][-]{section*.57}{CHAPTER 5: ROBUST 3D REGISTRATION USING SPHERICAL POLAR FOURIER TRANSFORM AND SPHERICAL HARMONICS}{}% 54
\BOOKMARK [1][-]{section.5.1}{5.1 Introduction}{section*.57}% 55
\BOOKMARK [1][-]{section.5.2}{5.2 Preliminaries: Affine Theorem in n-D}{section*.57}% 56
\BOOKMARK [2][-]{subsection.5.2.1}{5.2.1 n-dimensional Fourier Transform}{section.5.2}% 57
\BOOKMARK [2][-]{subsection.5.2.2}{5.2.2 Affine Transformation in n-D Space}{section.5.2}% 58
\BOOKMARK [1][-]{section.5.3}{5.3 The Proposed Method of Robust 3D Registration using SPFT and SOFT}{section*.57}% 59
\BOOKMARK [2][-]{subsection.5.3.1}{5.3.1 Class I: Isometries}{section.5.3}% 60
\BOOKMARK [2][-]{subsection.5.3.2}{5.3.2 Class II: Similarity transformation}{section.5.3}% 61
\BOOKMARK [2][-]{subsection.5.3.3}{5.3.3 Estimating The Translational Vector, t}{section.5.3}% 62
\BOOKMARK [2][-]{subsection.5.3.4}{5.3.4 Robust 3D Registration - The Algorithm}{section.5.3}% 63
\BOOKMARK [3][-]{subsubsection.5.3.4.1}{5.3.4.1 Computational Complexity}{subsection.5.3.4}% 64
\BOOKMARK [3][-]{subsubsection.5.3.4.2}{5.3.4.2 Higher Dimensions}{subsection.5.3.4}% 65
\BOOKMARK [1][-]{section.5.4}{5.4 Experimental Validation and Performance Evaluation}{section*.57}% 66
\BOOKMARK [2][-]{subsection.5.4.1}{5.4.1 3D Rotation Estimation - Simple MRI Dataset}{section.5.4}% 67
\BOOKMARK [2][-]{subsection.5.4.2}{5.4.2 Princeton Object Database, Large Set}{section.5.4}% 68
\BOOKMARK [2][-]{subsection.5.4.3}{5.4.3 Robustness to Noisy Surface Points}{section.5.4}% 69
\BOOKMARK [2][-]{subsection.5.4.4}{5.4.4 Missing Voxels or Holes or Partial Data }{section.5.4}% 70
\BOOKMARK [2][-]{subsection.5.4.5}{5.4.5 Real World Challenging Dataset: Crashed Car Parking Disaster Scenario}{section.5.4}% 71
\BOOKMARK [2][-]{subsection.5.4.6}{5.4.6 Comparison with Go-ICP Method for Partial Overlap}{section.5.4}% 72
\BOOKMARK [1][-]{section.5.5}{5.5 Contributions and Conclusions}{section*.57}% 73
\BOOKMARK [0][-]{section*.82}{CHAPTER 6: FUTURE WORK}{}% 74
\BOOKMARK [1][-]{section.6.1}{6.1 High-Dimensional Extension of Polar / Spherical DFT}{section*.82}% 75
\BOOKMARK [1][-]{section.6.2}{6.2 Fast and Exact Fourier Volume Rendering with Polar / Spherical DFT}{section*.82}% 76
\BOOKMARK [2][-]{subsection.6.2.1}{6.2.1 Algorithm I: Single Planar Projection}{section.6.2}% 77
\BOOKMARK [3][-]{subsubsection.6.2.1.1}{6.2.1.1 Computational Complexity}{subsection.6.2.1}% 78
\BOOKMARK [2][-]{subsection.6.2.2}{6.2.2 Algorithm II: Multiple Planar Projections}{section.6.2}% 79
\BOOKMARK [2][-]{subsection.6.2.3}{6.2.3 Experiments}{section.6.2}% 80
\BOOKMARK [1][-]{section.6.3}{6.3 Application in Medical Imaging of Polar / Spherical DFT - Sparse-View X-ray CT Image Reconstruction}{section*.82}% 81
\BOOKMARK [1][-]{section.6.4}{6.4 Applications in Directional Wavelets using the proposed Polar / Spherical DFT }{section*.82}% 82
\BOOKMARK [1][-]{section.6.5}{6.5 Application in Finite Rate of Innovation}{section*.82}% 83
\BOOKMARK [1][-]{section.6.6}{6.6 Training Deep Networks on Preprocessed Fourier Domain Information}{section*.82}% 84
\BOOKMARK [0][-]{section*.91}{CHAPTER 7: CONCLUSIONS}{}% 85
\BOOKMARK [0][-]{section*.92}{LIST OF REFERENCES}{}% 86
